TN:
SF:src/MVCWrapper.tsx
FN:9,MVCWrapper
FNF:1
FNH:1
FNDA:1,MVCWrapper
DA:1,1
DA:2,1
DA:3,1
DA:4,1
DA:5,1
DA:6,1
DA:7,1
DA:8,1
DA:9,1
DA:10,1
DA:11,1
DA:12,1
DA:13,1
DA:14,1
DA:15,1
DA:16,1
DA:17,1
DA:18,1
DA:19,1
DA:20,1
DA:21,1
DA:22,1
DA:23,0
DA:24,0
DA:25,0
DA:26,0
DA:27,0
DA:28,0
DA:29,0
DA:30,0
DA:31,0
DA:32,0
DA:33,0
DA:34,0
DA:35,0
DA:36,0
DA:37,0
DA:38,0
DA:39,0
DA:40,0
DA:41,0
DA:42,0
DA:43,1
LF:43
LH:23
BRDA:9,0,0,1
BRF:1
BRH:1
end_of_record
TN:
SF:src/ToppingsModalMVC.tsx
FN:12,context
FN:33,controller
FN:51,toggleAll
FN:57,toggleTopping
FN:63,handleOnClose
FN:64,handleConfirmClick
FN:73,get toppingKeys
FN:78,isToppingSelected
FN:83,toppingKeys
FN:86,totalUpcharge
FN:99,view
FNF:11
FNH:4
FNDA:0,context
FNDA:4,controller
FNDA:2,toggleAll
FNDA:0,toggleTopping
FNDA:0,handleOnClose
FNDA:0,handleConfirmClick
FNDA:1,get toppingKeys
FNDA:0,isToppingSelected
FNDA:0,toppingKeys
FNDA:1,totalUpcharge
FNDA:0,view
DA:1,1
DA:2,1
DA:3,1
DA:4,1
DA:5,1
DA:6,1
DA:7,1
DA:8,1
DA:9,1
DA:10,1
DA:11,1
DA:12,1
DA:13,0
DA:14,0
DA:15,0
DA:16,0
DA:17,0
DA:18,0
DA:19,0
DA:20,0
DA:21,0
DA:22,0
DA:23,1
DA:24,1
DA:25,1
DA:26,1
DA:27,1
DA:28,1
DA:29,1
DA:30,1
DA:31,1
DA:32,1
DA:33,1
DA:34,4
DA:35,4
DA:36,4
DA:37,12
DA:38,12
DA:39,12
DA:40,9
DA:41,9
DA:42,9
DA:43,9
DA:44,12
DA:45,4
DA:46,4
DA:47,4
DA:48,4
DA:49,4
DA:50,4
DA:51,4
DA:52,2
DA:53,2
DA:54,2
DA:55,2
DA:56,2
DA:57,4
DA:58,0
DA:59,0
DA:60,0
DA:61,0
DA:62,0
DA:63,4
DA:64,4
DA:65,0
DA:66,0
DA:67,0
DA:68,0
DA:69,0
DA:70,0
DA:71,4
DA:72,4
DA:73,4
DA:74,1
DA:75,1
DA:76,4
DA:77,4
DA:78,4
DA:79,0
DA:80,0
DA:81,0
DA:82,0
DA:83,4
DA:84,0
DA:85,0
DA:86,4
DA:87,1
DA:88,1
DA:89,3
DA:90,3
DA:91,3
DA:92,1
DA:93,1
DA:94,1
DA:95,4
DA:96,4
DA:97,4
DA:98,1
DA:99,1
DA:100,0
DA:101,0
DA:102,0
DA:103,0
DA:104,0
DA:105,0
DA:106,0
DA:107,0
DA:108,0
DA:109,0
DA:110,0
DA:111,0
DA:112,0
DA:113,0
DA:114,0
DA:115,0
DA:116,0
DA:117,0
DA:118,0
DA:119,0
DA:120,0
DA:121,0
DA:122,0
DA:123,0
DA:124,0
DA:125,0
DA:126,0
DA:127,0
DA:128,0
DA:129,0
DA:130,0
DA:131,0
DA:132,0
DA:133,0
DA:134,0
DA:135,0
DA:136,0
DA:137,0
DA:138,0
DA:139,0
DA:140,0
DA:141,0
DA:142,0
DA:143,0
DA:144,0
DA:145,0
DA:146,0
DA:147,0
DA:148,0
DA:149,0
DA:150,0
DA:151,0
DA:152,0
DA:153,0
DA:154,0
DA:155,0
DA:156,0
DA:157,0
DA:158,0
DA:159,0
DA:160,0
DA:161,0
DA:162,0
DA:163,0
DA:164,1
DA:165,1
DA:166,1
DA:167,1
DA:168,1
DA:169,1
DA:170,1
LF:170
LH:79
BRDA:33,0,0,4
BRDA:34,1,0,4
BRDA:36,2,0,12
BRDA:39,3,0,3
BRDA:39,4,0,9
BRDA:40,5,0,9
BRDA:51,6,0,2
BRDA:53,7,0,6
BRDA:73,8,0,1
BRDA:74,9,0,3
BRDA:86,10,0,1
BRDA:88,11,0,3
BRDA:90,12,0,0
BRF:13
BRH:12
end_of_record
TN:
SF:src/api/getToppings.ts
FN:6,getToppings
FNF:1
FNH:0
FNDA:0,getToppings
DA:1,1
DA:2,1
DA:3,1
DA:4,1
DA:5,1
DA:6,1
DA:7,0
DA:8,0
DA:9,0
DA:10,0
DA:11,0
DA:12,0
DA:13,0
DA:14,0
DA:15,0
DA:16,0
DA:17,0
DA:18,0
DA:19,0
DA:20,0
DA:21,0
DA:22,0
DA:23,0
DA:24,0
DA:25,0
DA:26,0
LF:26
LH:6
BRF:0
BRH:0
end_of_record
